2025-10-30T10:19:25.710+01:00  INFO 8944 --- [mapa] [main] [                                                 ] com.calabozo.mapa.MapaApplication        : Starting MapaApplication using Java 17.0.16 with PID 8944 (C:\DESSERV\SPRINGBOOT\calabozo\mapa\target\classes started by pmpin in C:\DESSERV)
2025-10-30T10:19:25.719+01:00  INFO 8944 --- [mapa] [main] [                                                 ] com.calabozo.mapa.MapaApplication        : No active profile set, falling back to 1 default profile: "default"
2025-10-30T10:19:26.516+01:00  INFO 8944 --- [mapa] [main] [                                                 ] .s.d.r.c.RepositoryConfigurationDelegate : Bootstrapping Spring Data JPA repositories in DEFAULT mode.
2025-10-30T10:19:26.577+01:00  INFO 8944 --- [mapa] [main] [                                                 ] .s.d.r.c.RepositoryConfigurationDelegate : Finished Spring Data repository scanning in 49 ms. Found 2 JPA repository interfaces.
2025-10-30T10:19:27.149+01:00  INFO 8944 --- [mapa] [main] [                                                 ] o.s.boot.tomcat.TomcatWebServer          : Tomcat initialized with port 8080 (http)
2025-10-30T10:19:27.160+01:00  INFO 8944 --- [mapa] [main] [                                                 ] o.apache.catalina.core.StandardService   : Starting service [Tomcat]
2025-10-30T10:19:27.161+01:00  INFO 8944 --- [mapa] [main] [                                                 ] o.apache.catalina.core.StandardEngine    : Starting Servlet engine: [Apache Tomcat/11.0.11]
2025-10-30T10:19:27.218+01:00  INFO 8944 --- [mapa] [main] [                                                 ] b.w.c.s.WebApplicationContextInitializer : Root WebApplicationContext: initialization completed in 1450 ms
2025-10-30T10:19:27.361+01:00 DEBUG 8944 --- [mapa] [main] [                                                 ] o.s.w.f.ServerHttpObservationFilter      : Filter 'webMvcObservationFilter' configured for use
2025-10-30T10:19:27.476+01:00  INFO 8944 --- [mapa] [main] [                                                 ] o.hibernate.jpa.internal.util.LogHelper  : HHH000204: Processing PersistenceUnitInfo [name: default]
2025-10-30T10:19:27.635+01:00  INFO 8944 --- [mapa] [main] [                                                 ] org.hibernate.Version                    : HHH000412: Hibernate ORM core version 7.1.1.Final
2025-10-30T10:19:28.073+01:00  INFO 8944 --- [mapa] [main] [                                                 ] o.s.o.j.p.SpringPersistenceUnitInfo      : No LoadTimeWeaver setup: ignoring JPA class transformer
2025-10-30T10:19:28.108+01:00  INFO 8944 --- [mapa] [main] [                                                 ] com.zaxxer.hikari.HikariDataSource       : HikariPool-1 - Starting...
2025-10-30T10:19:28.371+01:00  INFO 8944 --- [mapa] [main] [                                                 ] com.zaxxer.hikari.pool.HikariPool        : HikariPool-1 - Added connection com.mysql.cj.jdbc.ConnectionImpl@2979c6ef
2025-10-30T10:19:28.372+01:00  INFO 8944 --- [mapa] [main] [                                                 ] com.zaxxer.hikari.HikariDataSource       : HikariPool-1 - Start completed.
2025-10-30T10:19:28.420+01:00  WARN 8944 --- [mapa] [main] [                                                 ] org.hibernate.orm.deprecation            : HHH90000025: MySQLDialect does not need to be specified explicitly using 'hibernate.dialect' (remove the property setting and it will be selected by default)
2025-10-30T10:19:28.437+01:00  INFO 8944 --- [mapa] [main] [                                                 ] org.hibernate.orm.connections.pooling    : HHH10001005: Database info:
	Database JDBC URL [jdbc:mysql://localhost:3306/citydungeon]
	Database driver: MySQL Connector/J
	Database dialect: MySQLDialect
	Database version: 8.0.43
	Default catalog/schema: citydungeon/undefined
	Autocommit mode: undefined/unknown
	Isolation level: REPEATABLE_READ [default REPEATABLE_READ]
	JDBC fetch size: none
	Pool: DatasourceConnectionProviderImpl
	Minimum pool size: undefined/unknown
	Maximum pool size: undefined/unknown
2025-10-30T10:19:29.281+01:00  INFO 8944 --- [mapa] [main] [                                                 ] o.h.e.t.j.p.i.JtaPlatformInitiator       : HHH000489: No JTA platform available (set 'hibernate.transaction.jta.platform' to enable JTA platform integration)
2025-10-30T10:19:29.356+01:00  INFO 8944 --- [mapa] [main] [                                                 ] j.LocalContainerEntityManagerFactoryBean : Initialized JPA EntityManagerFactory for persistence unit 'default'
2025-10-30T10:19:29.434+01:00  INFO 8944 --- [mapa] [main] [                                                 ] o.s.d.j.r.query.QueryEnhancerFactories   : Hibernate is in classpath; If applicable, HQL parser will be used.
2025-10-30T10:19:29.769+01:00 DEBUG 8944 --- [mapa] [main] [                                                 ] o.s.web.client.RestTemplate              : HTTP GET https://accounts.google.com/.well-known/openid-configuration
2025-10-30T10:19:29.776+01:00 DEBUG 8944 --- [mapa] [main] [                                                 ] o.s.web.client.RestTemplate              : Accept=[application/json, application/*+json]
2025-10-30T10:19:29.942+01:00 DEBUG 8944 --- [mapa] [main] [                                                 ] o.s.web.client.RestTemplate              : Response 200 OK
2025-10-30T10:19:29.953+01:00 DEBUG 8944 --- [mapa] [main] [                                                 ] o.s.web.client.RestTemplate              : Reading to [java.util.Map<java.lang.String, java.lang.Object>]
2025-10-30T10:19:30.063+01:00  WARN 8944 --- [mapa] [main] [                                                 ] JpaBaseConfiguration$JpaWebConfiguration : spring.jpa.open-in-view is enabled by default. Therefore, database queries may be performed during view rendering. Explicitly configure spring.jpa.open-in-view to disable this warning
2025-10-30T10:19:30.138+01:00 DEBUG 8944 --- [mapa] [main] [                                                 ] swordEncoderAuthenticationManagerBuilder : No authenticationProviders and no parentAuthenticationManager defined. Returning null.
2025-10-30T10:19:30.285+01:00 DEBUG 8944 --- [mapa] [main] [                                                 ] o.s.s.web.DefaultSecurityFilterChain     : Will secure any request with filters: DisableEncodeUrlFilter, WebAsyncManagerIntegrationFilter, SecurityContextHolderFilter, HeaderWriterFilter, CsrfFilter, LogoutFilter, OAuth2AuthorizationRequestRedirectFilter, OAuth2LoginAuthenticationFilter, RequestCacheAwareFilter, SecurityContextHolderAwareRequestFilter, AnonymousAuthenticationFilter, ExceptionTranslationFilter, AuthorizationFilter
2025-10-30T10:19:30.378+01:00 DEBUG 8944 --- [mapa] [main] [                                                 ] s.w.s.m.m.a.RequestMappingHandlerMapping : 24 mappings in 'requestMappingHandlerMapping'
2025-10-30T10:19:30.408+01:00 DEBUG 8944 --- [mapa] [main] [                                                 ] o.s.w.s.handler.SimpleUrlHandlerMapping  : Patterns [/webjars/**, /**] in 'resourceHandlerMapping'
2025-10-30T10:19:30.443+01:00 DEBUG 8944 --- [mapa] [main] [                                                 ] s.w.s.m.m.a.RequestMappingHandlerAdapter : ControllerAdvice beans: 0 @ModelAttribute, 0 @InitBinder, 1 RequestBodyAdvice, 1 ResponseBodyAdvice
2025-10-30T10:19:30.532+01:00 DEBUG 8944 --- [mapa] [main] [                                                 ] .m.m.a.ExceptionHandlerExceptionResolver : ControllerAdvice beans: 0 @ExceptionHandler, 1 ResponseBodyAdvice
2025-10-30T10:19:30.820+01:00  INFO 8944 --- [mapa] [main] [                                                 ] o.s.b.a.e.web.EndpointLinksResolver      : Exposing 1 endpoint beneath base path '/actuator'
2025-10-30T10:19:30.911+01:00  INFO 8944 --- [mapa] [main] [                                                 ] o.s.boot.tomcat.TomcatWebServer          : Tomcat started on port 8080 (http) with context path '/'
2025-10-30T10:19:30.922+01:00  INFO 8944 --- [mapa] [main] [                                                 ] com.calabozo.mapa.MapaApplication        : Started MapaApplication in 5.666 seconds (process running for 6.247)
2025-10-30T10:19:31.356+01:00  INFO 8944 --- [mapa] [RMI TCP Connection(2)-127.0.0.1] [                                                 ] o.a.c.c.C.[Tomcat].[localhost].[/]       : Initializing Spring DispatcherServlet 'dispatcherServlet'
2025-10-30T10:19:31.356+01:00  INFO 8944 --- [mapa] [RMI TCP Connection(2)-127.0.0.1] [                                                 ] o.s.web.servlet.DispatcherServlet        : Initializing Servlet 'dispatcherServlet'
2025-10-30T10:19:31.356+01:00 DEBUG 8944 --- [mapa] [RMI TCP Connection(2)-127.0.0.1] [                                                 ] o.s.web.servlet.DispatcherServlet        : Detected StandardServletMultipartResolver
2025-10-30T10:19:31.356+01:00 DEBUG 8944 --- [mapa] [RMI TCP Connection(2)-127.0.0.1] [                                                 ] o.s.web.servlet.DispatcherServlet        : Detected AcceptHeaderLocaleResolver
2025-10-30T10:19:31.357+01:00 DEBUG 8944 --- [mapa] [RMI TCP Connection(2)-127.0.0.1] [                                                 ] o.s.web.servlet.DispatcherServlet        : Detected org.springframework.web.servlet.view.DefaultRequestToViewNameTranslator@4f755506
2025-10-30T10:19:31.358+01:00 DEBUG 8944 --- [mapa] [RMI TCP Connection(2)-127.0.0.1] [                                                 ] o.s.web.servlet.DispatcherServlet        : Detected org.springframework.web.servlet.support.SessionFlashMapManager@70b9a553
2025-10-30T10:19:31.358+01:00 DEBUG 8944 --- [mapa] [RMI TCP Connection(2)-127.0.0.1] [                                                 ] o.s.web.servlet.DispatcherServlet        : enableLoggingRequestDetails='false': request parameters and headers will be masked to prevent unsafe logging of potentially sensitive data
2025-10-30T10:19:31.358+01:00  INFO 8944 --- [mapa] [RMI TCP Connection(2)-127.0.0.1] [                                                 ] o.s.web.servlet.DispatcherServlet        : Completed initialization in 2 ms
2025-10-30T10:19:35.896+01:00 DEBUG 8944 --- [mapa] [http-nio-8080-exec-2] [                                                 ] o.s.security.web.FilterChainProxy        : Securing GET /api/ciudades/buscar-por-pais?pais=Espa%C3%B1a
2025-10-30T10:19:35.911+01:00 TRACE 8944 --- [mapa] [http-nio-8080-exec-2] [                                                 ] .s.o.c.w.OAuth2LoginAuthenticationFilter : Did not match request to PathPattern [/login/oauth2/code/*]
2025-10-30T10:19:35.919+01:00 DEBUG 8944 --- [mapa] [http-nio-8080-exec-2] [                                                 ] o.s.security.web.FilterChainProxy        : Secured GET /api/ciudades/buscar-por-pais?pais=Espa%C3%B1a
2025-10-30T10:19:35.922+01:00 DEBUG 8944 --- [mapa] [http-nio-8080-exec-2] [                                                 ] o.s.web.servlet.DispatcherServlet        : GET "/api/ciudades/buscar-por-pais?pais=Espa%C3%B1a", parameters={masked}
2025-10-30T10:19:35.929+01:00 DEBUG 8944 --- [mapa] [http-nio-8080-exec-2] [                                                 ] s.w.s.m.m.a.RequestMappingHandlerMapping : Mapped to com.calabozo.mapa.api.ApiCiudadController#buscarCiudadesPorPais(String)
2025-10-30T10:19:36.476+01:00 DEBUG 8944 --- [mapa] [http-nio-8080-exec-2] [                                                 ] o.s.w.s.m.m.a.HttpEntityMethodProcessor  : Using 'application/json', given [*/*] and supported [application/json, application/*+json]
2025-10-30T10:19:36.493+01:00 DEBUG 8944 --- [mapa] [http-nio-8080-exec-2] [                                                 ] o.s.w.s.m.m.a.HttpEntityMethodProcessor  : Writing [java.lang.StackOverflowError]
2025-10-30T10:19:36.523+01:00 DEBUG 8944 --- [mapa] [http-nio-8080-exec-2] [                                                 ] o.s.web.servlet.DispatcherServlet        : Completed 200 OK
2025-10-30T10:19:36.523+01:00 DEBUG 8944 --- [mapa] [http-nio-8080-exec-2] [                                                 ] o.s.s.w.a.AnonymousAuthenticationFilter  : Set SecurityContextHolder to anonymous SecurityContext
2025-10-30T10:20:47.771+01:00 DEBUG 8944 --- [mapa] [http-nio-8080-exec-4] [                                                 ] o.s.security.web.FilterChainProxy        : Securing GET /api/ciudades/buscar-por-pais?pais=Espa%C3%B1a,Francia,Italia
2025-10-30T10:20:47.772+01:00 TRACE 8944 --- [mapa] [http-nio-8080-exec-4] [                                                 ] .s.o.c.w.OAuth2LoginAuthenticationFilter : Did not match request to PathPattern [/login/oauth2/code/*]
2025-10-30T10:20:47.773+01:00 DEBUG 8944 --- [mapa] [http-nio-8080-exec-4] [                                                 ] o.s.security.web.FilterChainProxy        : Secured GET /api/ciudades/buscar-por-pais?pais=Espa%C3%B1a,Francia,Italia
2025-10-30T10:20:47.773+01:00 DEBUG 8944 --- [mapa] [http-nio-8080-exec-4] [                                                 ] o.s.web.servlet.DispatcherServlet        : GET "/api/ciudades/buscar-por-pais?pais=Espa%C3%B1a,Francia,Italia", parameters={masked}
2025-10-30T10:20:47.774+01:00 DEBUG 8944 --- [mapa] [http-nio-8080-exec-4] [                                                 ] s.w.s.m.m.a.RequestMappingHandlerMapping : Mapped to com.calabozo.mapa.api.ApiCiudadController#buscarCiudadesPorPais(String)
2025-10-30T10:20:47.842+01:00 DEBUG 8944 --- [mapa] [http-nio-8080-exec-4] [                                                 ] o.s.w.s.m.m.a.HttpEntityMethodProcessor  : Using 'application/json', given [*/*] and supported [application/json, application/*+json]
2025-10-30T10:20:47.851+01:00 DEBUG 8944 --- [mapa] [http-nio-8080-exec-4] [                                                 ] o.s.w.s.m.m.a.HttpEntityMethodProcessor  : Writing [java.lang.StackOverflowError]
2025-10-30T10:20:47.874+01:00 DEBUG 8944 --- [mapa] [http-nio-8080-exec-4] [                                                 ] o.s.web.servlet.DispatcherServlet        : Completed 200 OK
2025-10-30T10:20:47.875+01:00 DEBUG 8944 --- [mapa] [http-nio-8080-exec-4] [                                                 ] o.s.s.w.a.AnonymousAuthenticationFilter  : Set SecurityContextHolder to anonymous SecurityContext
2025-10-30T10:24:40.253+01:00 DEBUG 8944 --- [mapa] [http-nio-8080-exec-8] [                                                 ] o.s.security.web.FilterChainProxy        : Securing GET /api/ciudades/busqueda-avanzada?patron=Esp&nombre=Madrid&extension=500
2025-10-30T10:24:40.253+01:00 TRACE 8944 --- [mapa] [http-nio-8080-exec-8] [                                                 ] .s.o.c.w.OAuth2LoginAuthenticationFilter : Did not match request to PathPattern [/login/oauth2/code/*]
2025-10-30T10:24:40.255+01:00 DEBUG 8944 --- [mapa] [http-nio-8080-exec-8] [                                                 ] o.s.security.web.FilterChainProxy        : Secured GET /api/ciudades/busqueda-avanzada?patron=Esp&nombre=Madrid&extension=500
2025-10-30T10:24:40.255+01:00 DEBUG 8944 --- [mapa] [http-nio-8080-exec-8] [                                                 ] o.s.web.servlet.DispatcherServlet        : GET "/api/ciudades/busqueda-avanzada?patron=Esp&nombre=Madrid&extension=500", parameters={masked}
2025-10-30T10:24:40.256+01:00 DEBUG 8944 --- [mapa] [http-nio-8080-exec-8] [                                                 ] s.w.s.m.m.a.RequestMappingHandlerMapping : Mapped to com.calabozo.mapa.api.ApiCiudadController#busquedaAvanzada(String, String, int)
2025-10-30T10:24:40.345+01:00 DEBUG 8944 --- [mapa] [http-nio-8080-exec-8] [                                                 ] o.s.w.s.m.m.a.HttpEntityMethodProcessor  : Using 'application/json', given [*/*] and supported [application/json, application/*+json]
2025-10-30T10:24:40.350+01:00 DEBUG 8944 --- [mapa] [http-nio-8080-exec-8] [                                                 ] o.s.w.s.m.m.a.HttpEntityMethodProcessor  : Writing [java.lang.StackOverflowError]
2025-10-30T10:24:40.368+01:00 DEBUG 8944 --- [mapa] [http-nio-8080-exec-8] [                                                 ] o.s.web.servlet.DispatcherServlet        : Completed 200 OK
2025-10-30T10:24:40.368+01:00 DEBUG 8944 --- [mapa] [http-nio-8080-exec-8] [                                                 ] o.s.s.w.a.AnonymousAuthenticationFilter  : Set SecurityContextHolder to anonymous SecurityContext
2025-10-30T10:31:13.590+01:00 DEBUG 8944 --- [mapa] [http-nio-8080-exec-10] [                                                 ] o.s.security.web.FilterChainProxy        : Securing GET /api/ciudades/calabozos/{idCiudad}?id=9d1f449b-7351-480a-908b-76b164106a18&vscodeBrowserReqId=1761816673581
2025-10-30T10:31:13.591+01:00 TRACE 8944 --- [mapa] [http-nio-8080-exec-10] [                                                 ] .s.o.c.w.OAuth2LoginAuthenticationFilter : Did not match request to PathPattern [/login/oauth2/code/*]
2025-10-30T10:31:13.591+01:00 DEBUG 8944 --- [mapa] [http-nio-8080-exec-10] [                                                 ] o.s.security.web.FilterChainProxy        : Secured GET /api/ciudades/calabozos/{idCiudad}?id=9d1f449b-7351-480a-908b-76b164106a18&vscodeBrowserReqId=1761816673581
2025-10-30T10:31:13.592+01:00 DEBUG 8944 --- [mapa] [http-nio-8080-exec-10] [                                                 ] o.s.web.servlet.DispatcherServlet        : GET "/api/ciudades/calabozos/%7BidCiudad%7D?id=9d1f449b-7351-480a-908b-76b164106a18&vscodeBrowserReqId=1761816673581", parameters={masked}
2025-10-30T10:31:13.593+01:00 DEBUG 8944 --- [mapa] [http-nio-8080-exec-10] [                                                 ] s.w.s.m.m.a.RequestMappingHandlerMapping : Mapped to com.calabozo.mapa.api.ApiCiudadController#getCalabozosCiudad(Long)
2025-10-30T10:31:13.598+01:00 DEBUG 8944 --- [mapa] [http-nio-8080-exec-10] [                                                 ] o.s.web.method.HandlerMethod             : Could not resolve parameter [0] in public java.util.List<com.calabozo.mapa.model.Calabozo> com.calabozo.mapa.api.ApiCiudadController.getCalabozosCiudad(java.lang.Long): Method parameter 'idCiudad': Failed to convert value of type 'java.lang.String' to required type 'java.lang.Long'; For input string: "{idCiudad}"
2025-10-30T10:31:13.603+01:00  WARN 8944 --- [mapa] [http-nio-8080-exec-10] [                                                 ] .w.s.m.s.DefaultHandlerExceptionResolver : Resolved [org.springframework.web.method.annotation.MethodArgumentTypeMismatchException: Method parameter 'idCiudad': Failed to convert value of type 'java.lang.String' to required type 'java.lang.Long'; For input string: "{idCiudad}"]
2025-10-30T10:31:13.603+01:00 DEBUG 8944 --- [mapa] [http-nio-8080-exec-10] [                                                 ] o.s.web.servlet.DispatcherServlet        : Completed 400 BAD_REQUEST
2025-10-30T10:31:13.603+01:00 DEBUG 8944 --- [mapa] [http-nio-8080-exec-10] [                                                 ] o.s.s.w.a.AnonymousAuthenticationFilter  : Set SecurityContextHolder to anonymous SecurityContext
2025-10-30T10:31:13.608+01:00 DEBUG 8944 --- [mapa] [http-nio-8080-exec-10] [                                                 ] o.s.security.web.FilterChainProxy        : Securing GET /error?id=9d1f449b-7351-480a-908b-76b164106a18&vscodeBrowserReqId=1761816673581
2025-10-30T10:31:13.608+01:00 TRACE 8944 --- [mapa] [http-nio-8080-exec-10] [                                                 ] .s.o.c.w.OAuth2LoginAuthenticationFilter : Did not match request to PathPattern [/login/oauth2/code/*]
2025-10-30T10:31:13.610+01:00 DEBUG 8944 --- [mapa] [http-nio-8080-exec-10] [                                                 ] o.s.security.web.FilterChainProxy        : Secured GET /error?id=9d1f449b-7351-480a-908b-76b164106a18&vscodeBrowserReqId=1761816673581
2025-10-30T10:31:13.611+01:00 DEBUG 8944 --- [mapa] [http-nio-8080-exec-10] [                                                 ] o.s.web.servlet.DispatcherServlet        : "ERROR" dispatch for GET "/error?id=9d1f449b-7351-480a-908b-76b164106a18&vscodeBrowserReqId=1761816673581", parameters={masked}
2025-10-30T10:31:13.612+01:00 DEBUG 8944 --- [mapa] [http-nio-8080-exec-10] [                                                 ] s.w.s.m.m.a.RequestMappingHandlerMapping : Mapped to org.springframework.boot.webmvc.autoconfigure.error.BasicErrorController#errorHtml(HttpServletRequest, HttpServletResponse)
2025-10-30T10:31:13.622+01:00 DEBUG 8944 --- [mapa] [http-nio-8080-exec-10] [                                                 ] o.s.w.s.v.ContentNegotiatingViewResolver : Selected 'text/html' given [text/html, text/html;q=0.8]
2025-10-30T10:31:13.818+01:00 DEBUG 8944 --- [mapa] [http-nio-8080-exec-10] [                                                 ] o.s.web.servlet.DispatcherServlet        : Exiting from "ERROR" dispatch, status 400
2025-10-30T10:31:13.818+01:00 DEBUG 8944 --- [mapa] [http-nio-8080-exec-10] [                                                 ] o.s.s.w.a.AnonymousAuthenticationFilter  : Set SecurityContextHolder to anonymous SecurityContext
2025-10-30T10:31:21.608+01:00 DEBUG 8944 --- [mapa] [http-nio-8080-exec-1] [                                                 ] o.s.security.web.FilterChainProxy        : Securing GET /api/ciudades/calabozos/1?id=9d1f449b-7351-480a-908b-76b164106a18&vscodeBrowserReqId=1761816681603
2025-10-30T10:31:21.609+01:00 TRACE 8944 --- [mapa] [http-nio-8080-exec-1] [                                                 ] .s.o.c.w.OAuth2LoginAuthenticationFilter : Did not match request to PathPattern [/login/oauth2/code/*]
2025-10-30T10:31:21.610+01:00 DEBUG 8944 --- [mapa] [http-nio-8080-exec-1] [                                                 ] o.s.security.web.FilterChainProxy        : Secured GET /api/ciudades/calabozos/1?id=9d1f449b-7351-480a-908b-76b164106a18&vscodeBrowserReqId=1761816681603
2025-10-30T10:31:21.610+01:00 DEBUG 8944 --- [mapa] [http-nio-8080-exec-1] [                                                 ] o.s.web.servlet.DispatcherServlet        : GET "/api/ciudades/calabozos/1?id=9d1f449b-7351-480a-908b-76b164106a18&vscodeBrowserReqId=1761816681603", parameters={masked}
2025-10-30T10:31:21.611+01:00 DEBUG 8944 --- [mapa] [http-nio-8080-exec-1] [                                                 ] s.w.s.m.m.a.RequestMappingHandlerMapping : Mapped to com.calabozo.mapa.api.ApiCiudadController#getCalabozosCiudad(Long)
2025-10-30T10:31:21.633+01:00 DEBUG 8944 --- [mapa] [http-nio-8080-exec-1] [                                                 ] m.m.a.RequestResponseBodyMethodProcessor : Using 'application/json;q=0.8', given [text/html, application/xhtml+xml, image/avif, image/webp, image/apng, application/xml;q=0.9, */*;q=0.8, application/signed-exchange;v=b3;q=0.7] and supported [application/json, application/*+json]
2025-10-30T10:31:21.638+01:00 DEBUG 8944 --- [mapa] [http-nio-8080-exec-1] [                                                 ] m.m.a.RequestResponseBodyMethodProcessor : Writing [java.lang.StackOverflowError]
2025-10-30T10:31:21.640+01:00 DEBUG 8944 --- [mapa] [http-nio-8080-exec-1] [                                                 ] o.s.web.servlet.DispatcherServlet        : Completed 200 OK
2025-10-30T10:31:21.641+01:00 DEBUG 8944 --- [mapa] [http-nio-8080-exec-1] [                                                 ] o.s.s.w.a.AnonymousAuthenticationFilter  : Set SecurityContextHolder to anonymous SecurityContext
2025-10-30T10:31:40.728+01:00 DEBUG 8944 --- [mapa] [http-nio-8080-exec-2] [                                                 ] o.s.security.web.FilterChainProxy        : Securing GET /api/ciudades/calabozos/1
2025-10-30T10:31:40.728+01:00 TRACE 8944 --- [mapa] [http-nio-8080-exec-2] [                                                 ] .s.o.c.w.OAuth2LoginAuthenticationFilter : Did not match request to PathPattern [/login/oauth2/code/*]
2025-10-30T10:31:40.729+01:00 DEBUG 8944 --- [mapa] [http-nio-8080-exec-2] [                                                 ] o.s.security.web.FilterChainProxy        : Secured GET /api/ciudades/calabozos/1
2025-10-30T10:31:40.729+01:00 DEBUG 8944 --- [mapa] [http-nio-8080-exec-2] [                                                 ] o.s.web.servlet.DispatcherServlet        : GET "/api/ciudades/calabozos/1", parameters={}
2025-10-30T10:31:40.729+01:00 DEBUG 8944 --- [mapa] [http-nio-8080-exec-2] [                                                 ] s.w.s.m.m.a.RequestMappingHandlerMapping : Mapped to com.calabozo.mapa.api.ApiCiudadController#getCalabozosCiudad(Long)
2025-10-30T10:31:40.734+01:00 DEBUG 8944 --- [mapa] [http-nio-8080-exec-2] [                                                 ] m.m.a.RequestResponseBodyMethodProcessor : Using 'application/json', given [*/*] and supported [application/json, application/*+json]
2025-10-30T10:31:40.738+01:00 DEBUG 8944 --- [mapa] [http-nio-8080-exec-2] [                                                 ] m.m.a.RequestResponseBodyMethodProcessor : Writing [java.lang.StackOverflowError]
2025-10-30T10:31:40.740+01:00 DEBUG 8944 --- [mapa] [http-nio-8080-exec-2] [                                                 ] o.s.web.servlet.DispatcherServlet        : Completed 200 OK
2025-10-30T10:31:40.740+01:00 DEBUG 8944 --- [mapa] [http-nio-8080-exec-2] [                                                 ] o.s.s.w.a.AnonymousAuthenticationFilter  : Set SecurityContextHolder to anonymous SecurityContext
2025-10-30T12:41:12.695+01:00  INFO 18072 --- [mapa] [main] [                                                 ] com.calabozo.mapa.MapaApplication        : Starting MapaApplication using Java 17.0.16 with PID 18072 (C:\DESSERV\SPRINGBOOT\calabozo\mapa\target\classes started by pmpin in C:\DESSERV)
2025-10-30T12:41:12.700+01:00  INFO 18072 --- [mapa] [main] [                                                 ] com.calabozo.mapa.MapaApplication        : No active profile set, falling back to 1 default profile: "default"
2025-10-30T12:41:13.944+01:00  INFO 18072 --- [mapa] [main] [                                                 ] .s.d.r.c.RepositoryConfigurationDelegate : Bootstrapping Spring Data JPA repositories in DEFAULT mode.
2025-10-30T12:41:14.064+01:00  INFO 18072 --- [mapa] [main] [                                                 ] .s.d.r.c.RepositoryConfigurationDelegate : Finished Spring Data repository scanning in 102 ms. Found 2 JPA repository interfaces.
2025-10-30T12:41:14.920+01:00  INFO 18072 --- [mapa] [main] [                                                 ] o.s.boot.tomcat.TomcatWebServer          : Tomcat initialized with port 8080 (http)
2025-10-30T12:41:14.942+01:00  INFO 18072 --- [mapa] [main] [                                                 ] o.apache.catalina.core.StandardService   : Starting service [Tomcat]
2025-10-30T12:41:14.943+01:00  INFO 18072 --- [mapa] [main] [                                                 ] o.apache.catalina.core.StandardEngine    : Starting Servlet engine: [Apache Tomcat/11.0.11]
2025-10-30T12:41:15.016+01:00  INFO 18072 --- [mapa] [main] [                                                 ] b.w.c.s.WebApplicationContextInitializer : Root WebApplicationContext: initialization completed in 2262 ms
2025-10-30T12:41:15.273+01:00 DEBUG 18072 --- [mapa] [main] [                                                 ] o.s.w.f.ServerHttpObservationFilter      : Filter 'webMvcObservationFilter' configured for use
2025-10-30T12:41:15.435+01:00  INFO 18072 --- [mapa] [main] [                                                 ] o.hibernate.jpa.internal.util.LogHelper  : HHH000204: Processing PersistenceUnitInfo [name: default]
2025-10-30T12:41:15.708+01:00  INFO 18072 --- [mapa] [main] [                                                 ] org.hibernate.Version                    : HHH000412: Hibernate ORM core version 7.1.1.Final
2025-10-30T12:41:16.465+01:00  INFO 18072 --- [mapa] [main] [                                                 ] o.s.o.j.p.SpringPersistenceUnitInfo      : No LoadTimeWeaver setup: ignoring JPA class transformer
2025-10-30T12:41:16.529+01:00  INFO 18072 --- [mapa] [main] [                                                 ] com.zaxxer.hikari.HikariDataSource       : HikariPool-1 - Starting...
2025-10-30T12:41:16.919+01:00  INFO 18072 --- [mapa] [main] [                                                 ] com.zaxxer.hikari.pool.HikariPool        : HikariPool-1 - Added connection com.mysql.cj.jdbc.ConnectionImpl@19d13d04
2025-10-30T12:41:16.923+01:00  INFO 18072 --- [mapa] [main] [                                                 ] com.zaxxer.hikari.HikariDataSource       : HikariPool-1 - Start completed.
2025-10-30T12:41:16.984+01:00  WARN 18072 --- [mapa] [main] [                                                 ] org.hibernate.orm.deprecation            : HHH90000025: MySQLDialect does not need to be specified explicitly using 'hibernate.dialect' (remove the property setting and it will be selected by default)
2025-10-30T12:41:17.003+01:00  INFO 18072 --- [mapa] [main] [                                                 ] org.hibernate.orm.connections.pooling    : HHH10001005: Database info:
	Database JDBC URL [jdbc:mysql://localhost:3306/citydungeon]
	Database driver: MySQL Connector/J
	Database dialect: MySQLDialect
	Database version: 8.0.43
	Default catalog/schema: citydungeon/undefined
	Autocommit mode: undefined/unknown
	Isolation level: REPEATABLE_READ [default REPEATABLE_READ]
	JDBC fetch size: none
	Pool: DatasourceConnectionProviderImpl
	Minimum pool size: undefined/unknown
	Maximum pool size: undefined/unknown
2025-10-30T12:41:18.179+01:00  INFO 18072 --- [mapa] [main] [                                                 ] o.h.e.t.j.p.i.JtaPlatformInitiator       : HHH000489: No JTA platform available (set 'hibernate.transaction.jta.platform' to enable JTA platform integration)
2025-10-30T12:41:18.294+01:00  INFO 18072 --- [mapa] [main] [                                                 ] j.LocalContainerEntityManagerFactoryBean : Initialized JPA EntityManagerFactory for persistence unit 'default'
2025-10-30T12:41:18.396+01:00  INFO 18072 --- [mapa] [main] [                                                 ] o.s.d.j.r.query.QueryEnhancerFactories   : Hibernate is in classpath; If applicable, HQL parser will be used.
2025-10-30T12:41:18.867+01:00 DEBUG 18072 --- [mapa] [main] [                                                 ] o.s.web.client.RestTemplate              : HTTP GET https://accounts.google.com/.well-known/openid-configuration
2025-10-30T12:41:18.871+01:00 DEBUG 18072 --- [mapa] [main] [                                                 ] o.s.web.client.RestTemplate              : Accept=[application/json, application/*+json]
2025-10-30T12:41:19.099+01:00 DEBUG 18072 --- [mapa] [main] [                                                 ] o.s.web.client.RestTemplate              : Response 200 OK
2025-10-30T12:41:19.102+01:00 DEBUG 18072 --- [mapa] [main] [                                                 ] o.s.web.client.RestTemplate              : Reading to [java.util.Map<java.lang.String, java.lang.Object>]
2025-10-30T12:41:19.250+01:00  WARN 18072 --- [mapa] [main] [                                                 ] JpaBaseConfiguration$JpaWebConfiguration : spring.jpa.open-in-view is enabled by default. Therefore, database queries may be performed during view rendering. Explicitly configure spring.jpa.open-in-view to disable this warning
2025-10-30T12:41:19.333+01:00 DEBUG 18072 --- [mapa] [main] [                                                 ] swordEncoderAuthenticationManagerBuilder : No authenticationProviders and no parentAuthenticationManager defined. Returning null.
2025-10-30T12:41:19.547+01:00 DEBUG 18072 --- [mapa] [main] [                                                 ] o.s.s.web.DefaultSecurityFilterChain     : Will secure any request with filters: DisableEncodeUrlFilter, WebAsyncManagerIntegrationFilter, SecurityContextHolderFilter, HeaderWriterFilter, CsrfFilter, LogoutFilter, OAuth2AuthorizationRequestRedirectFilter, OAuth2LoginAuthenticationFilter, RequestCacheAwareFilter, SecurityContextHolderAwareRequestFilter, AnonymousAuthenticationFilter, ExceptionTranslationFilter, AuthorizationFilter
2025-10-30T12:41:19.713+01:00 DEBUG 18072 --- [mapa] [main] [                                                 ] s.w.s.m.m.a.RequestMappingHandlerMapping : 24 mappings in 'requestMappingHandlerMapping'
2025-10-30T12:41:19.757+01:00 DEBUG 18072 --- [mapa] [main] [                                                 ] o.s.w.s.handler.SimpleUrlHandlerMapping  : Patterns [/webjars/**, /**] in 'resourceHandlerMapping'
2025-10-30T12:41:19.804+01:00 DEBUG 18072 --- [mapa] [main] [                                                 ] s.w.s.m.m.a.RequestMappingHandlerAdapter : ControllerAdvice beans: 0 @ModelAttribute, 0 @InitBinder, 1 RequestBodyAdvice, 1 ResponseBodyAdvice
2025-10-30T12:41:19.927+01:00 DEBUG 18072 --- [mapa] [main] [                                                 ] .m.m.a.ExceptionHandlerExceptionResolver : ControllerAdvice beans: 0 @ExceptionHandler, 1 ResponseBodyAdvice
2025-10-30T12:41:20.259+01:00  INFO 18072 --- [mapa] [main] [                                                 ] o.s.b.a.e.web.EndpointLinksResolver      : Exposing 1 endpoint beneath base path '/actuator'
2025-10-30T12:41:20.348+01:00  INFO 18072 --- [mapa] [main] [                                                 ] o.s.boot.tomcat.TomcatWebServer          : Tomcat started on port 8080 (http) with context path '/'
2025-10-30T12:41:20.359+01:00  INFO 18072 --- [mapa] [main] [                                                 ] com.calabozo.mapa.MapaApplication        : Started MapaApplication in 8.13 seconds (process running for 8.836)
2025-10-30T12:41:21.317+01:00  INFO 18072 --- [mapa] [RMI TCP Connection(2)-127.0.0.1] [                                                 ] o.a.c.c.C.[Tomcat].[localhost].[/]       : Initializing Spring DispatcherServlet 'dispatcherServlet'
2025-10-30T12:41:21.317+01:00  INFO 18072 --- [mapa] [RMI TCP Connection(2)-127.0.0.1] [                                                 ] o.s.web.servlet.DispatcherServlet        : Initializing Servlet 'dispatcherServlet'
2025-10-30T12:41:21.317+01:00 DEBUG 18072 --- [mapa] [RMI TCP Connection(2)-127.0.0.1] [                                                 ] o.s.web.servlet.DispatcherServlet        : Detected StandardServletMultipartResolver
2025-10-30T12:41:21.317+01:00 DEBUG 18072 --- [mapa] [RMI TCP Connection(2)-127.0.0.1] [                                                 ] o.s.web.servlet.DispatcherServlet        : Detected AcceptHeaderLocaleResolver
2025-10-30T12:41:21.319+01:00 DEBUG 18072 --- [mapa] [RMI TCP Connection(2)-127.0.0.1] [                                                 ] o.s.web.servlet.DispatcherServlet        : Detected org.springframework.web.servlet.view.DefaultRequestToViewNameTranslator@518e9141
2025-10-30T12:41:21.320+01:00 DEBUG 18072 --- [mapa] [RMI TCP Connection(2)-127.0.0.1] [                                                 ] o.s.web.servlet.DispatcherServlet        : Detected org.springframework.web.servlet.support.SessionFlashMapManager@6809a461
2025-10-30T12:41:21.321+01:00 DEBUG 18072 --- [mapa] [RMI TCP Connection(2)-127.0.0.1] [                                                 ] o.s.web.servlet.DispatcherServlet        : enableLoggingRequestDetails='false': request parameters and headers will be masked to prevent unsafe logging of potentially sensitive data
2025-10-30T12:41:21.321+01:00  INFO 18072 --- [mapa] [RMI TCP Connection(2)-127.0.0.1] [                                                 ] o.s.web.servlet.DispatcherServlet        : Completed initialization in 4 ms
2025-10-30T12:41:23.157+01:00 DEBUG 18072 --- [mapa] [http-nio-8080-exec-2] [                                                 ] o.s.security.web.FilterChainProxy        : Securing GET /api/ciudades/con-calabozos
2025-10-30T12:41:23.175+01:00 TRACE 18072 --- [mapa] [http-nio-8080-exec-2] [                                                 ] .s.o.c.w.OAuth2LoginAuthenticationFilter : Did not match request to PathPattern [/login/oauth2/code/*]
2025-10-30T12:41:23.184+01:00 DEBUG 18072 --- [mapa] [http-nio-8080-exec-2] [                                                 ] o.s.security.web.FilterChainProxy        : Secured GET /api/ciudades/con-calabozos
2025-10-30T12:41:23.187+01:00 DEBUG 18072 --- [mapa] [http-nio-8080-exec-2] [                                                 ] o.s.web.servlet.DispatcherServlet        : GET "/api/ciudades/con-calabozos", parameters={}
2025-10-30T12:41:23.196+01:00 DEBUG 18072 --- [mapa] [http-nio-8080-exec-2] [                                                 ] s.w.s.m.m.a.RequestMappingHandlerMapping : Mapped to com.calabozo.mapa.api.ApiCiudadController#ciudadesConCalabozos(int)
2025-10-30T12:41:23.932+01:00 DEBUG 18072 --- [mapa] [http-nio-8080-exec-2] [                                                 ] o.s.w.s.m.m.a.HttpEntityMethodProcessor  : Using 'application/json', given [*/*] and supported [application/json, application/*+json]
2025-10-30T12:41:23.955+01:00 DEBUG 18072 --- [mapa] [http-nio-8080-exec-2] [                                                 ] o.s.w.s.m.m.a.HttpEntityMethodProcessor  : Writing [java.lang.StackOverflowError]
2025-10-30T12:41:24.049+01:00 DEBUG 18072 --- [mapa] [http-nio-8080-exec-2] [                                                 ] o.s.web.servlet.DispatcherServlet        : Completed 200 OK
2025-10-30T12:41:24.051+01:00 DEBUG 18072 --- [mapa] [http-nio-8080-exec-2] [                                                 ] o.s.s.w.a.AnonymousAuthenticationFilter  : Set SecurityContextHolder to anonymous SecurityContext
2025-10-30T12:42:01.020+01:00 DEBUG 18072 --- [mapa] [http-nio-8080-exec-3] [                                                 ] o.s.security.web.FilterChainProxy        : Securing GET /api/ciudades/con-calabozos?minimo=3
2025-10-30T12:42:01.021+01:00 TRACE 18072 --- [mapa] [http-nio-8080-exec-3] [                                                 ] .s.o.c.w.OAuth2LoginAuthenticationFilter : Did not match request to PathPattern [/login/oauth2/code/*]
2025-10-30T12:42:01.022+01:00 DEBUG 18072 --- [mapa] [http-nio-8080-exec-3] [                                                 ] o.s.security.web.FilterChainProxy        : Secured GET /api/ciudades/con-calabozos?minimo=3
2025-10-30T12:42:01.023+01:00 DEBUG 18072 --- [mapa] [http-nio-8080-exec-3] [                                                 ] o.s.web.servlet.DispatcherServlet        : GET "/api/ciudades/con-calabozos?minimo=3", parameters={masked}
2025-10-30T12:42:01.024+01:00 DEBUG 18072 --- [mapa] [http-nio-8080-exec-3] [                                                 ] s.w.s.m.m.a.RequestMappingHandlerMapping : Mapped to com.calabozo.mapa.api.ApiCiudadController#ciudadesConCalabozos(int)
2025-10-30T12:42:01.042+01:00 DEBUG 18072 --- [mapa] [http-nio-8080-exec-3] [                                                 ] o.s.w.s.m.m.a.HttpEntityMethodProcessor  : Using 'application/json', given [*/*] and supported [application/json, application/*+json]
2025-10-30T12:42:01.049+01:00 DEBUG 18072 --- [mapa] [http-nio-8080-exec-3] [                                                 ] o.s.w.s.m.m.a.HttpEntityMethodProcessor  : Writing [java.lang.StackOverflowError]
2025-10-30T12:42:01.113+01:00 DEBUG 18072 --- [mapa] [http-nio-8080-exec-3] [                                                 ] o.s.web.servlet.DispatcherServlet        : Completed 200 OK
2025-10-30T12:42:01.113+01:00 DEBUG 18072 --- [mapa] [http-nio-8080-exec-3] [                                                 ] o.s.s.w.a.AnonymousAuthenticationFilter  : Set SecurityContextHolder to anonymous SecurityContext
2025-10-30T12:42:07.699+01:00 DEBUG 18072 --- [mapa] [http-nio-8080-exec-4] [                                                 ] o.s.security.web.FilterChainProxy        : Securing GET /api/ciudades/con-calabozos?minimo=4
2025-10-30T12:42:07.700+01:00 TRACE 18072 --- [mapa] [http-nio-8080-exec-4] [                                                 ] .s.o.c.w.OAuth2LoginAuthenticationFilter : Did not match request to PathPattern [/login/oauth2/code/*]
2025-10-30T12:42:07.702+01:00 DEBUG 18072 --- [mapa] [http-nio-8080-exec-4] [                                                 ] o.s.security.web.FilterChainProxy        : Secured GET /api/ciudades/con-calabozos?minimo=4
2025-10-30T12:42:07.702+01:00 DEBUG 18072 --- [mapa] [http-nio-8080-exec-4] [                                                 ] o.s.web.servlet.DispatcherServlet        : GET "/api/ciudades/con-calabozos?minimo=4", parameters={masked}
2025-10-30T12:42:07.703+01:00 DEBUG 18072 --- [mapa] [http-nio-8080-exec-4] [                                                 ] s.w.s.m.m.a.RequestMappingHandlerMapping : Mapped to com.calabozo.mapa.api.ApiCiudadController#ciudadesConCalabozos(int)
2025-10-30T12:42:07.716+01:00 DEBUG 18072 --- [mapa] [http-nio-8080-exec-4] [                                                 ] o.s.w.s.m.m.a.HttpEntityMethodProcessor  : Using 'application/json', given [*/*] and supported [application/json, application/*+json]
2025-10-30T12:42:07.747+01:00 DEBUG 18072 --- [mapa] [http-nio-8080-exec-4] [                                                 ] o.s.w.s.m.m.a.HttpEntityMethodProcessor  : Writing [java.lang.StackOverflowError]
2025-10-30T12:42:07.778+01:00 DEBUG 18072 --- [mapa] [http-nio-8080-exec-4] [                                                 ] o.s.web.servlet.DispatcherServlet        : Completed 200 OK
2025-10-30T12:42:07.779+01:00 DEBUG 18072 --- [mapa] [http-nio-8080-exec-4] [                                                 ] o.s.s.w.a.AnonymousAuthenticationFilter  : Set SecurityContextHolder to anonymous SecurityContext
2025-10-30T12:42:58.488+01:00 DEBUG 18072 --- [mapa] [http-nio-8080-exec-5] [                                                 ] o.s.security.web.FilterChainProxy        : Securing GET /api/ciudades/busqueda-avanzada?patron=Esp&nombre=Madrid&extension=500
2025-10-30T12:42:58.490+01:00 TRACE 18072 --- [mapa] [http-nio-8080-exec-5] [                                                 ] .s.o.c.w.OAuth2LoginAuthenticationFilter : Did not match request to PathPattern [/login/oauth2/code/*]
2025-10-30T12:42:58.492+01:00 DEBUG 18072 --- [mapa] [http-nio-8080-exec-5] [                                                 ] o.s.security.web.FilterChainProxy        : Secured GET /api/ciudades/busqueda-avanzada?patron=Esp&nombre=Madrid&extension=500
2025-10-30T12:42:58.493+01:00 DEBUG 18072 --- [mapa] [http-nio-8080-exec-5] [                                                 ] o.s.web.servlet.DispatcherServlet        : GET "/api/ciudades/busqueda-avanzada?patron=Esp&nombre=Madrid&extension=500", parameters={masked}
2025-10-30T12:42:58.493+01:00 DEBUG 18072 --- [mapa] [http-nio-8080-exec-5] [                                                 ] s.w.s.m.m.a.RequestMappingHandlerMapping : Mapped to com.calabozo.mapa.api.ApiCiudadController#busquedaAvanzada(String, String, int)
2025-10-30T12:42:58.642+01:00 DEBUG 18072 --- [mapa] [http-nio-8080-exec-5] [                                                 ] o.s.w.s.m.m.a.HttpEntityMethodProcessor  : Using 'application/json', given [*/*] and supported [application/json, application/*+json]
2025-10-30T12:42:58.648+01:00 DEBUG 18072 --- [mapa] [http-nio-8080-exec-5] [                                                 ] o.s.w.s.m.m.a.HttpEntityMethodProcessor  : Writing [java.lang.StackOverflowError]
2025-10-30T12:42:58.676+01:00 DEBUG 18072 --- [mapa] [http-nio-8080-exec-5] [                                                 ] o.s.web.servlet.DispatcherServlet        : Completed 200 OK
2025-10-30T12:42:58.676+01:00 DEBUG 18072 --- [mapa] [http-nio-8080-exec-5] [                                                 ] o.s.s.w.a.AnonymousAuthenticationFilter  : Set SecurityContextHolder to anonymous SecurityContext
