2025-12-02T14:12:58.679+01:00  INFO 21568 --- [mapa] [main] [                                                 ] com.calabozo.mapa.MapaApplication        : Starting MapaApplication using Java 17.0.16 with PID 21568 (C:\DESSERV\SPRINGBOOT\calabozo\mapa\target\classes started by pmpin in C:\DESSERV\SPRINGBOOT\calabozo\mapa)
2025-12-02T14:12:58.697+01:00  INFO 21568 --- [mapa] [main] [                                                 ] com.calabozo.mapa.MapaApplication        : No active profile set, falling back to 1 default profile: "default"
2025-12-02T14:13:00.650+01:00  INFO 21568 --- [mapa] [main] [                                                 ] .s.d.r.c.RepositoryConfigurationDelegate : Bootstrapping Spring Data JPA repositories in DEFAULT mode.
2025-12-02T14:13:00.766+01:00  INFO 21568 --- [mapa] [main] [                                                 ] .s.d.r.c.RepositoryConfigurationDelegate : Finished Spring Data repository scanning in 97 ms. Found 2 JPA repository interfaces.
2025-12-02T14:13:02.059+01:00  INFO 21568 --- [mapa] [main] [                                                 ] o.s.boot.tomcat.TomcatWebServer          : Tomcat initialized with port 8080 (http)
2025-12-02T14:13:02.087+01:00  INFO 21568 --- [mapa] [main] [                                                 ] o.apache.catalina.core.StandardService   : Starting service [Tomcat]
2025-12-02T14:13:02.088+01:00  INFO 21568 --- [mapa] [main] [                                                 ] o.apache.catalina.core.StandardEngine    : Starting Servlet engine: [Apache Tomcat/11.0.11]
2025-12-02T14:13:02.218+01:00  INFO 21568 --- [mapa] [main] [                                                 ] b.w.c.s.WebApplicationContextInitializer : Root WebApplicationContext: initialization completed in 3416 ms
2025-12-02T14:13:02.528+01:00 DEBUG 21568 --- [mapa] [main] [                                                 ] o.s.w.f.ServerHttpObservationFilter      : Filter 'webMvcObservationFilter' configured for use
2025-12-02T14:13:02.775+01:00  INFO 21568 --- [mapa] [main] [                                                 ] o.hibernate.jpa.internal.util.LogHelper  : HHH000204: Processing PersistenceUnitInfo [name: default]
2025-12-02T14:13:03.193+01:00  INFO 21568 --- [mapa] [main] [                                                 ] org.hibernate.Version                    : HHH000412: Hibernate ORM core version 7.1.1.Final
2025-12-02T14:13:04.235+01:00  INFO 21568 --- [mapa] [main] [                                                 ] o.s.o.j.p.SpringPersistenceUnitInfo      : No LoadTimeWeaver setup: ignoring JPA class transformer
2025-12-02T14:13:04.328+01:00  INFO 21568 --- [mapa] [main] [                                                 ] com.zaxxer.hikari.HikariDataSource       : HikariPool-1 - Starting...
2025-12-02T14:13:05.044+01:00  INFO 21568 --- [mapa] [main] [                                                 ] com.zaxxer.hikari.pool.HikariPool        : HikariPool-1 - Added connection com.mysql.cj.jdbc.ConnectionImpl@552fffc8
2025-12-02T14:13:05.049+01:00  INFO 21568 --- [mapa] [main] [                                                 ] com.zaxxer.hikari.HikariDataSource       : HikariPool-1 - Start completed.
2025-12-02T14:13:05.173+01:00  WARN 21568 --- [mapa] [main] [                                                 ] org.hibernate.orm.deprecation            : HHH90000025: MySQLDialect does not need to be specified explicitly using 'hibernate.dialect' (remove the property setting and it will be selected by default)
2025-12-02T14:13:05.215+01:00  INFO 21568 --- [mapa] [main] [                                                 ] org.hibernate.orm.connections.pooling    : HHH10001005: Database info:
	Database JDBC URL [jdbc:mysql://localhost:3306/citydungeon]
	Database driver: MySQL Connector/J
	Database dialect: MySQLDialect
	Database version: 8.0.43
	Default catalog/schema: citydungeon/undefined
	Autocommit mode: undefined/unknown
	Isolation level: REPEATABLE_READ [default REPEATABLE_READ]
	JDBC fetch size: none
	Pool: DatasourceConnectionProviderImpl
	Minimum pool size: undefined/unknown
	Maximum pool size: undefined/unknown
2025-12-02T14:13:07.318+01:00  INFO 21568 --- [mapa] [main] [                                                 ] o.h.e.t.j.p.i.JtaPlatformInitiator       : HHH000489: No JTA platform available (set 'hibernate.transaction.jta.platform' to enable JTA platform integration)
2025-12-02T14:13:07.535+01:00  INFO 21568 --- [mapa] [main] [                                                 ] j.LocalContainerEntityManagerFactoryBean : Initialized JPA EntityManagerFactory for persistence unit 'default'
2025-12-02T14:13:07.718+01:00  INFO 21568 --- [mapa] [main] [                                                 ] o.s.d.j.r.query.QueryEnhancerFactories   : Hibernate is in classpath; If applicable, HQL parser will be used.
2025-12-02T14:13:08.501+01:00 DEBUG 21568 --- [mapa] [main] [                                                 ] o.s.web.client.RestTemplate              : HTTP GET https://accounts.google.com/.well-known/openid-configuration
2025-12-02T14:13:08.511+01:00 DEBUG 21568 --- [mapa] [main] [                                                 ] o.s.web.client.RestTemplate              : Accept=[application/json, application/*+json]
2025-12-02T14:13:08.970+01:00 DEBUG 21568 --- [mapa] [main] [                                                 ] o.s.web.client.RestTemplate              : Response 200 OK
2025-12-02T14:13:08.974+01:00 DEBUG 21568 --- [mapa] [main] [                                                 ] o.s.web.client.RestTemplate              : Reading to [java.util.Map<java.lang.String, java.lang.Object>]
2025-12-02T14:13:09.247+01:00  WARN 21568 --- [mapa] [main] [                                                 ] JpaBaseConfiguration$JpaWebConfiguration : spring.jpa.open-in-view is enabled by default. Therefore, database queries may be performed during view rendering. Explicitly configure spring.jpa.open-in-view to disable this warning
2025-12-02T14:13:09.379+01:00 DEBUG 21568 --- [mapa] [main] [                                                 ] swordEncoderAuthenticationManagerBuilder : No authenticationProviders and no parentAuthenticationManager defined. Returning null.
2025-12-02T14:13:09.729+01:00 DEBUG 21568 --- [mapa] [main] [                                                 ] o.s.s.web.DefaultSecurityFilterChain     : Will secure any request with filters: DisableEncodeUrlFilter, WebAsyncManagerIntegrationFilter, SecurityContextHolderFilter, HeaderWriterFilter, CsrfFilter, LogoutFilter, OAuth2AuthorizationRequestRedirectFilter, OAuth2LoginAuthenticationFilter, RequestCacheAwareFilter, SecurityContextHolderAwareRequestFilter, AnonymousAuthenticationFilter, ExceptionTranslationFilter, AuthorizationFilter
2025-12-02T14:13:09.937+01:00 DEBUG 21568 --- [mapa] [main] [                                                 ] s.w.s.m.m.a.RequestMappingHandlerMapping : 24 mappings in 'requestMappingHandlerMapping'
2025-12-02T14:13:09.988+01:00 DEBUG 21568 --- [mapa] [main] [                                                 ] o.s.w.s.handler.SimpleUrlHandlerMapping  : Patterns [/webjars/**, /**] in 'resourceHandlerMapping'
2025-12-02T14:13:10.050+01:00 DEBUG 21568 --- [mapa] [main] [                                                 ] s.w.s.m.m.a.RequestMappingHandlerAdapter : ControllerAdvice beans: 0 @ModelAttribute, 0 @InitBinder, 1 RequestBodyAdvice, 1 ResponseBodyAdvice
2025-12-02T14:13:10.212+01:00 DEBUG 21568 --- [mapa] [main] [                                                 ] .m.m.a.ExceptionHandlerExceptionResolver : ControllerAdvice beans: 0 @ExceptionHandler, 1 ResponseBodyAdvice
2025-12-02T14:13:10.689+01:00  INFO 21568 --- [mapa] [main] [                                                 ] o.s.b.a.e.web.EndpointLinksResolver      : Exposing 1 endpoint beneath base path '/actuator'
2025-12-02T14:13:10.835+01:00  INFO 21568 --- [mapa] [main] [                                                 ] o.s.boot.tomcat.TomcatWebServer          : Tomcat started on port 8080 (http) with context path '/'
2025-12-02T14:13:10.853+01:00  INFO 21568 --- [mapa] [main] [                                                 ] com.calabozo.mapa.MapaApplication        : Started MapaApplication in 13.17 seconds (process running for 14.767)
2025-12-02T14:13:12.389+01:00  INFO 21568 --- [mapa] [RMI TCP Connection(2)-127.0.0.1] [                                                 ] o.a.c.c.C.[Tomcat].[localhost].[/]       : Initializing Spring DispatcherServlet 'dispatcherServlet'
2025-12-02T14:13:12.391+01:00  INFO 21568 --- [mapa] [RMI TCP Connection(2)-127.0.0.1] [                                                 ] o.s.web.servlet.DispatcherServlet        : Initializing Servlet 'dispatcherServlet'
2025-12-02T14:13:12.391+01:00 DEBUG 21568 --- [mapa] [RMI TCP Connection(2)-127.0.0.1] [                                                 ] o.s.web.servlet.DispatcherServlet        : Detected StandardServletMultipartResolver
2025-12-02T14:13:12.391+01:00 DEBUG 21568 --- [mapa] [RMI TCP Connection(2)-127.0.0.1] [                                                 ] o.s.web.servlet.DispatcherServlet        : Detected AcceptHeaderLocaleResolver
2025-12-02T14:13:12.393+01:00 DEBUG 21568 --- [mapa] [RMI TCP Connection(2)-127.0.0.1] [                                                 ] o.s.web.servlet.DispatcherServlet        : Detected org.springframework.web.servlet.view.DefaultRequestToViewNameTranslator@af27e00
2025-12-02T14:13:12.395+01:00 DEBUG 21568 --- [mapa] [RMI TCP Connection(2)-127.0.0.1] [                                                 ] o.s.web.servlet.DispatcherServlet        : Detected org.springframework.web.servlet.support.SessionFlashMapManager@5165783c
2025-12-02T14:13:12.395+01:00 DEBUG 21568 --- [mapa] [RMI TCP Connection(2)-127.0.0.1] [                                                 ] o.s.web.servlet.DispatcherServlet        : enableLoggingRequestDetails='false': request parameters and headers will be masked to prevent unsafe logging of potentially sensitive data
2025-12-02T14:13:12.395+01:00  INFO 21568 --- [mapa] [RMI TCP Connection(2)-127.0.0.1] [                                                 ] o.s.web.servlet.DispatcherServlet        : Completed initialization in 4 ms
2025-12-02T14:13:25.496+01:00 DEBUG 21568 --- [mapa] [http-nio-8080-exec-1] [                                                 ] o.s.security.web.FilterChainProxy        : Securing GET /ciudades
2025-12-02T14:13:25.525+01:00 TRACE 21568 --- [mapa] [http-nio-8080-exec-1] [                                                 ] .s.o.c.w.OAuth2LoginAuthenticationFilter : Did not match request to PathPattern [/login/oauth2/code/*]
2025-12-02T14:13:25.532+01:00 DEBUG 21568 --- [mapa] [http-nio-8080-exec-1] [                                                 ] o.s.s.w.a.AnonymousAuthenticationFilter  : Set SecurityContextHolder to anonymous SecurityContext
2025-12-02T14:13:25.757+01:00  WARN 21568 --- [mapa] [http-nio-8080-exec-1] [                                                 ] o.a.c.util.SessionIdGeneratorBase        : Creation of SecureRandom instance for session ID generation using [SHA1PRNG] took [155] milliseconds.
2025-12-02T14:13:25.763+01:00 DEBUG 21568 --- [mapa] [http-nio-8080-exec-1] [                                                 ] o.s.s.w.s.HttpSessionRequestCache        : Saved request http://localhost:8080/ciudades?continue to session
2025-12-02T14:13:25.765+01:00 DEBUG 21568 --- [mapa] [http-nio-8080-exec-1] [                                                 ] o.s.s.web.DefaultRedirectStrategy        : Redirecting to http://localhost:8080/login
2025-12-02T14:13:25.784+01:00 DEBUG 21568 --- [mapa] [http-nio-8080-exec-2] [                                                 ] o.s.security.web.FilterChainProxy        : Securing GET /login
2025-12-02T14:13:25.786+01:00 TRACE 21568 --- [mapa] [http-nio-8080-exec-2] [                                                 ] .s.o.c.w.OAuth2LoginAuthenticationFilter : Did not match request to PathPattern [/login/oauth2/code/*]
2025-12-02T14:13:25.789+01:00 DEBUG 21568 --- [mapa] [http-nio-8080-exec-2] [                                                 ] o.s.security.web.FilterChainProxy        : Secured GET /login
2025-12-02T14:13:25.794+01:00 DEBUG 21568 --- [mapa] [http-nio-8080-exec-2] [                                                 ] o.s.web.servlet.DispatcherServlet        : GET "/login", parameters={}
2025-12-02T14:13:25.803+01:00 DEBUG 21568 --- [mapa] [http-nio-8080-exec-2] [                                                 ] s.w.s.m.m.a.RequestMappingHandlerMapping : Mapped to com.calabozo.mapa.controller.MainController#login()
2025-12-02T14:13:25.824+01:00  INFO 21568 --- [mapa] [http-nio-8080-exec-2] [                                                 ] c.c.mapa.controller.MainController       : Intentando logearnos
2025-12-02T14:13:25.842+01:00 DEBUG 21568 --- [mapa] [http-nio-8080-exec-2] [                                                 ] o.s.w.s.v.ContentNegotiatingViewResolver : Selected 'text/html' given [text/html, application/xhtml+xml, image/avif, image/webp, image/apng, application/xml;q=0.9, */*;q=0.8]
2025-12-02T14:13:26.287+01:00 DEBUG 21568 --- [mapa] [http-nio-8080-exec-2] [                                                 ] o.s.web.servlet.DispatcherServlet        : Completed 200 OK
2025-12-02T14:13:26.288+01:00 DEBUG 21568 --- [mapa] [http-nio-8080-exec-2] [                                                 ] o.s.s.w.a.AnonymousAuthenticationFilter  : Set SecurityContextHolder to anonymous SecurityContext
2025-12-02T14:13:26.553+01:00 DEBUG 21568 --- [mapa] [http-nio-8080-exec-3] [                                                 ] o.s.security.web.FilterChainProxy        : Securing GET /favicon.ico
2025-12-02T14:13:26.554+01:00 TRACE 21568 --- [mapa] [http-nio-8080-exec-3] [                                                 ] .s.o.c.w.OAuth2LoginAuthenticationFilter : Did not match request to PathPattern [/login/oauth2/code/*]
2025-12-02T14:13:26.555+01:00 DEBUG 21568 --- [mapa] [http-nio-8080-exec-3] [                                                 ] o.s.s.w.a.AnonymousAuthenticationFilter  : Set SecurityContextHolder to anonymous SecurityContext
2025-12-02T14:13:26.557+01:00 DEBUG 21568 --- [mapa] [http-nio-8080-exec-3] [                                                 ] o.s.s.web.DefaultRedirectStrategy        : Redirecting to http://localhost:8080/login
2025-12-02T14:13:26.565+01:00 DEBUG 21568 --- [mapa] [http-nio-8080-exec-4] [                                                 ] o.s.security.web.FilterChainProxy        : Securing GET /login
2025-12-02T14:13:26.567+01:00 TRACE 21568 --- [mapa] [http-nio-8080-exec-4] [                                                 ] .s.o.c.w.OAuth2LoginAuthenticationFilter : Did not match request to PathPattern [/login/oauth2/code/*]
2025-12-02T14:13:26.569+01:00 DEBUG 21568 --- [mapa] [http-nio-8080-exec-4] [                                                 ] o.s.security.web.FilterChainProxy        : Secured GET /login
2025-12-02T14:13:26.569+01:00 DEBUG 21568 --- [mapa] [http-nio-8080-exec-4] [                                                 ] o.s.web.servlet.DispatcherServlet        : GET "/login", parameters={}
2025-12-02T14:13:26.570+01:00 DEBUG 21568 --- [mapa] [http-nio-8080-exec-4] [                                                 ] s.w.s.m.m.a.RequestMappingHandlerMapping : Mapped to com.calabozo.mapa.controller.MainController#login()
2025-12-02T14:13:26.571+01:00  INFO 21568 --- [mapa] [http-nio-8080-exec-4] [                                                 ] c.c.mapa.controller.MainController       : Intentando logearnos
2025-12-02T14:13:26.574+01:00 DEBUG 21568 --- [mapa] [http-nio-8080-exec-4] [                                                 ] o.s.w.s.v.ContentNegotiatingViewResolver : Selected '*/*' given [image/avif, image/webp, image/apng, image/svg+xml, image/*, */*;q=0.8]
2025-12-02T14:13:26.579+01:00 DEBUG 21568 --- [mapa] [http-nio-8080-exec-4] [                                                 ] o.s.web.servlet.DispatcherServlet        : Completed 200 OK
2025-12-02T14:13:26.579+01:00 DEBUG 21568 --- [mapa] [http-nio-8080-exec-4] [                                                 ] o.s.s.w.a.AnonymousAuthenticationFilter  : Set SecurityContextHolder to anonymous SecurityContext
2025-12-02T14:13:38.880+01:00 DEBUG 21568 --- [mapa] [http-nio-8080-exec-5] [                                                 ] o.s.security.web.FilterChainProxy        : Securing GET /
2025-12-02T14:13:38.883+01:00 TRACE 21568 --- [mapa] [http-nio-8080-exec-5] [                                                 ] .s.o.c.w.OAuth2LoginAuthenticationFilter : Did not match request to PathPattern [/login/oauth2/code/*]
2025-12-02T14:13:38.884+01:00 DEBUG 21568 --- [mapa] [http-nio-8080-exec-5] [                                                 ] o.s.security.web.FilterChainProxy        : Secured GET /
2025-12-02T14:13:38.886+01:00 DEBUG 21568 --- [mapa] [http-nio-8080-exec-5] [                                                 ] o.s.web.servlet.DispatcherServlet        : GET "/", parameters={}
2025-12-02T14:13:38.891+01:00 DEBUG 21568 --- [mapa] [http-nio-8080-exec-5] [                                                 ] s.w.s.m.m.a.RequestMappingHandlerMapping : Mapped to com.calabozo.mapa.controller.MainController#home()
2025-12-02T14:13:38.896+01:00  INFO 21568 --- [mapa] [http-nio-8080-exec-5] [                                                 ] c.c.mapa.controller.MainController       : Cargando la web principial
2025-12-02T14:13:38.897+01:00 ERROR 21568 --- [mapa] [http-nio-8080-exec-5] [                                                 ] c.c.mapa.controller.MainController       : Es un mensaje de tipo errro 
2025-12-02T14:13:38.900+01:00 DEBUG 21568 --- [mapa] [http-nio-8080-exec-5] [                                                 ] o.s.w.s.v.ContentNegotiatingViewResolver : Selected 'text/html' given [text/html, application/xhtml+xml, image/avif, image/webp, image/apng, application/xml;q=0.9, */*;q=0.8]
2025-12-02T14:13:38.950+01:00 DEBUG 21568 --- [mapa] [http-nio-8080-exec-5] [                                                 ] o.s.web.servlet.DispatcherServlet        : Completed 200 OK
2025-12-02T14:13:38.950+01:00 DEBUG 21568 --- [mapa] [http-nio-8080-exec-5] [                                                 ] o.s.s.w.a.AnonymousAuthenticationFilter  : Set SecurityContextHolder to anonymous SecurityContext
2025-12-02T14:13:39.326+01:00 DEBUG 21568 --- [mapa] [http-nio-8080-exec-6] [                                                 ] o.s.security.web.FilterChainProxy        : Securing GET /favicon.ico
2025-12-02T14:13:39.329+01:00 TRACE 21568 --- [mapa] [http-nio-8080-exec-6] [                                                 ] .s.o.c.w.OAuth2LoginAuthenticationFilter : Did not match request to PathPattern [/login/oauth2/code/*]
2025-12-02T14:13:39.330+01:00 DEBUG 21568 --- [mapa] [http-nio-8080-exec-6] [                                                 ] o.s.s.w.a.AnonymousAuthenticationFilter  : Set SecurityContextHolder to anonymous SecurityContext
2025-12-02T14:13:39.332+01:00 DEBUG 21568 --- [mapa] [http-nio-8080-exec-6] [                                                 ] o.s.s.web.DefaultRedirectStrategy        : Redirecting to http://localhost:8080/login
2025-12-02T14:13:39.341+01:00 DEBUG 21568 --- [mapa] [http-nio-8080-exec-7] [                                                 ] o.s.security.web.FilterChainProxy        : Securing GET /login
2025-12-02T14:13:39.343+01:00 TRACE 21568 --- [mapa] [http-nio-8080-exec-7] [                                                 ] .s.o.c.w.OAuth2LoginAuthenticationFilter : Did not match request to PathPattern [/login/oauth2/code/*]
2025-12-02T14:13:39.344+01:00 DEBUG 21568 --- [mapa] [http-nio-8080-exec-7] [                                                 ] o.s.security.web.FilterChainProxy        : Secured GET /login
2025-12-02T14:13:39.344+01:00 DEBUG 21568 --- [mapa] [http-nio-8080-exec-7] [                                                 ] o.s.web.servlet.DispatcherServlet        : GET "/login", parameters={}
2025-12-02T14:13:39.346+01:00 DEBUG 21568 --- [mapa] [http-nio-8080-exec-7] [                                                 ] s.w.s.m.m.a.RequestMappingHandlerMapping : Mapped to com.calabozo.mapa.controller.MainController#login()
2025-12-02T14:13:39.370+01:00  INFO 21568 --- [mapa] [http-nio-8080-exec-7] [                                                 ] c.c.mapa.controller.MainController       : Intentando logearnos
2025-12-02T14:13:39.371+01:00 DEBUG 21568 --- [mapa] [http-nio-8080-exec-7] [                                                 ] o.s.w.s.v.ContentNegotiatingViewResolver : Selected '*/*' given [image/avif, image/webp, image/apng, image/svg+xml, image/*, */*;q=0.8]
2025-12-02T14:13:39.375+01:00 DEBUG 21568 --- [mapa] [http-nio-8080-exec-7] [                                                 ] o.s.web.servlet.DispatcherServlet        : Completed 200 OK
2025-12-02T14:13:39.375+01:00 DEBUG 21568 --- [mapa] [http-nio-8080-exec-7] [                                                 ] o.s.s.w.a.AnonymousAuthenticationFilter  : Set SecurityContextHolder to anonymous SecurityContext
2025-12-02T14:13:49.581+01:00 DEBUG 21568 --- [mapa] [http-nio-8080-exec-8] [                                                 ] o.s.security.web.FilterChainProxy        : Securing GET /ciudades/nuevo
2025-12-02T14:13:49.582+01:00 TRACE 21568 --- [mapa] [http-nio-8080-exec-8] [                                                 ] .s.o.c.w.OAuth2LoginAuthenticationFilter : Did not match request to PathPattern [/login/oauth2/code/*]
2025-12-02T14:13:49.583+01:00 DEBUG 21568 --- [mapa] [http-nio-8080-exec-8] [                                                 ] o.s.s.w.a.AnonymousAuthenticationFilter  : Set SecurityContextHolder to anonymous SecurityContext
2025-12-02T14:13:49.588+01:00 DEBUG 21568 --- [mapa] [http-nio-8080-exec-8] [                                                 ] o.s.s.w.s.HttpSessionRequestCache        : Saved request http://localhost:8080/ciudades/nuevo?continue to session
2025-12-02T14:13:49.588+01:00 DEBUG 21568 --- [mapa] [http-nio-8080-exec-8] [                                                 ] o.s.s.web.DefaultRedirectStrategy        : Redirecting to http://localhost:8080/login
2025-12-02T14:13:49.600+01:00 DEBUG 21568 --- [mapa] [http-nio-8080-exec-9] [                                                 ] o.s.security.web.FilterChainProxy        : Securing GET /login
2025-12-02T14:13:49.603+01:00 TRACE 21568 --- [mapa] [http-nio-8080-exec-9] [                                                 ] .s.o.c.w.OAuth2LoginAuthenticationFilter : Did not match request to PathPattern [/login/oauth2/code/*]
2025-12-02T14:13:49.608+01:00 DEBUG 21568 --- [mapa] [http-nio-8080-exec-9] [                                                 ] o.s.security.web.FilterChainProxy        : Secured GET /login
2025-12-02T14:13:49.609+01:00 DEBUG 21568 --- [mapa] [http-nio-8080-exec-9] [                                                 ] o.s.web.servlet.DispatcherServlet        : GET "/login", parameters={}
2025-12-02T14:13:49.610+01:00 DEBUG 21568 --- [mapa] [http-nio-8080-exec-9] [                                                 ] s.w.s.m.m.a.RequestMappingHandlerMapping : Mapped to com.calabozo.mapa.controller.MainController#login()
2025-12-02T14:13:49.612+01:00  INFO 21568 --- [mapa] [http-nio-8080-exec-9] [                                                 ] c.c.mapa.controller.MainController       : Intentando logearnos
2025-12-02T14:13:49.613+01:00 DEBUG 21568 --- [mapa] [http-nio-8080-exec-9] [                                                 ] o.s.w.s.v.ContentNegotiatingViewResolver : Selected 'text/html' given [text/html, application/xhtml+xml, image/avif, image/webp, image/apng, application/xml;q=0.9, */*;q=0.8]
2025-12-02T14:13:49.618+01:00 DEBUG 21568 --- [mapa] [http-nio-8080-exec-9] [                                                 ] o.s.web.servlet.DispatcherServlet        : Completed 200 OK
2025-12-02T14:13:49.620+01:00 DEBUG 21568 --- [mapa] [http-nio-8080-exec-9] [                                                 ] o.s.s.w.a.AnonymousAuthenticationFilter  : Set SecurityContextHolder to anonymous SecurityContext
2025-12-02T14:13:49.704+01:00 DEBUG 21568 --- [mapa] [http-nio-8080-exec-10] [                                                 ] o.s.security.web.FilterChainProxy        : Securing GET /favicon.ico
2025-12-02T14:13:49.705+01:00 TRACE 21568 --- [mapa] [http-nio-8080-exec-10] [                                                 ] .s.o.c.w.OAuth2LoginAuthenticationFilter : Did not match request to PathPattern [/login/oauth2/code/*]
2025-12-02T14:13:49.706+01:00 DEBUG 21568 --- [mapa] [http-nio-8080-exec-10] [                                                 ] o.s.s.w.a.AnonymousAuthenticationFilter  : Set SecurityContextHolder to anonymous SecurityContext
2025-12-02T14:13:49.707+01:00 DEBUG 21568 --- [mapa] [http-nio-8080-exec-10] [                                                 ] o.s.s.web.DefaultRedirectStrategy        : Redirecting to http://localhost:8080/login
2025-12-02T14:13:49.714+01:00 DEBUG 21568 --- [mapa] [http-nio-8080-exec-1] [                                                 ] o.s.security.web.FilterChainProxy        : Securing GET /login
2025-12-02T14:13:49.715+01:00 TRACE 21568 --- [mapa] [http-nio-8080-exec-1] [                                                 ] .s.o.c.w.OAuth2LoginAuthenticationFilter : Did not match request to PathPattern [/login/oauth2/code/*]
2025-12-02T14:13:49.717+01:00 DEBUG 21568 --- [mapa] [http-nio-8080-exec-1] [                                                 ] o.s.security.web.FilterChainProxy        : Secured GET /login
2025-12-02T14:13:49.717+01:00 DEBUG 21568 --- [mapa] [http-nio-8080-exec-1] [                                                 ] o.s.web.servlet.DispatcherServlet        : GET "/login", parameters={}
2025-12-02T14:13:49.718+01:00 DEBUG 21568 --- [mapa] [http-nio-8080-exec-1] [                                                 ] s.w.s.m.m.a.RequestMappingHandlerMapping : Mapped to com.calabozo.mapa.controller.MainController#login()
2025-12-02T14:13:49.719+01:00  INFO 21568 --- [mapa] [http-nio-8080-exec-1] [                                                 ] c.c.mapa.controller.MainController       : Intentando logearnos
2025-12-02T14:13:49.719+01:00 DEBUG 21568 --- [mapa] [http-nio-8080-exec-1] [                                                 ] o.s.w.s.v.ContentNegotiatingViewResolver : Selected '*/*' given [image/avif, image/webp, image/apng, image/svg+xml, image/*, */*;q=0.8]
2025-12-02T14:13:49.723+01:00 DEBUG 21568 --- [mapa] [http-nio-8080-exec-1] [                                                 ] o.s.web.servlet.DispatcherServlet        : Completed 200 OK
2025-12-02T14:13:49.723+01:00 DEBUG 21568 --- [mapa] [http-nio-8080-exec-1] [                                                 ] o.s.s.w.a.AnonymousAuthenticationFilter  : Set SecurityContextHolder to anonymous SecurityContext
2025-12-02T14:14:52.767+01:00 DEBUG 21568 --- [mapa] [http-nio-8080-exec-3] [                                                 ] o.s.security.web.FilterChainProxy        : Securing GET /ciudades
2025-12-02T14:14:52.771+01:00 TRACE 21568 --- [mapa] [http-nio-8080-exec-3] [                                                 ] .s.o.c.w.OAuth2LoginAuthenticationFilter : Did not match request to PathPattern [/login/oauth2/code/*]
2025-12-02T14:14:52.774+01:00 DEBUG 21568 --- [mapa] [http-nio-8080-exec-3] [                                                 ] o.s.s.w.a.AnonymousAuthenticationFilter  : Set SecurityContextHolder to anonymous SecurityContext
2025-12-02T14:14:52.776+01:00 DEBUG 21568 --- [mapa] [http-nio-8080-exec-3] [                                                 ] o.s.s.w.s.HttpSessionRequestCache        : Saved request http://localhost:8080/ciudades?continue to session
2025-12-02T14:14:52.777+01:00 DEBUG 21568 --- [mapa] [http-nio-8080-exec-3] [                                                 ] o.s.s.web.DefaultRedirectStrategy        : Redirecting to http://localhost:8080/login
2025-12-02T14:14:52.784+01:00 DEBUG 21568 --- [mapa] [http-nio-8080-exec-4] [                                                 ] o.s.security.web.FilterChainProxy        : Securing GET /login
2025-12-02T14:14:52.786+01:00 TRACE 21568 --- [mapa] [http-nio-8080-exec-4] [                                                 ] .s.o.c.w.OAuth2LoginAuthenticationFilter : Did not match request to PathPattern [/login/oauth2/code/*]
2025-12-02T14:14:52.787+01:00 DEBUG 21568 --- [mapa] [http-nio-8080-exec-4] [                                                 ] o.s.security.web.FilterChainProxy        : Secured GET /login
2025-12-02T14:14:52.788+01:00 DEBUG 21568 --- [mapa] [http-nio-8080-exec-4] [                                                 ] o.s.web.servlet.DispatcherServlet        : GET "/login", parameters={}
2025-12-02T14:14:52.788+01:00 DEBUG 21568 --- [mapa] [http-nio-8080-exec-4] [                                                 ] s.w.s.m.m.a.RequestMappingHandlerMapping : Mapped to com.calabozo.mapa.controller.MainController#login()
2025-12-02T14:14:52.790+01:00  INFO 21568 --- [mapa] [http-nio-8080-exec-4] [                                                 ] c.c.mapa.controller.MainController       : Intentando logearnos
2025-12-02T14:14:52.791+01:00 DEBUG 21568 --- [mapa] [http-nio-8080-exec-4] [                                                 ] o.s.w.s.v.ContentNegotiatingViewResolver : Selected 'text/html' given [text/html, application/xhtml+xml, image/avif, image/webp, image/apng, application/xml;q=0.9, */*;q=0.8]
2025-12-02T14:14:52.793+01:00 DEBUG 21568 --- [mapa] [http-nio-8080-exec-4] [                                                 ] o.s.web.servlet.DispatcherServlet        : Completed 200 OK
2025-12-02T14:14:52.794+01:00 DEBUG 21568 --- [mapa] [http-nio-8080-exec-4] [                                                 ] o.s.s.w.a.AnonymousAuthenticationFilter  : Set SecurityContextHolder to anonymous SecurityContext
2025-12-02T14:14:52.851+01:00 DEBUG 21568 --- [mapa] [http-nio-8080-exec-5] [                                                 ] o.s.security.web.FilterChainProxy        : Securing GET /favicon.ico
2025-12-02T14:14:52.853+01:00 TRACE 21568 --- [mapa] [http-nio-8080-exec-5] [                                                 ] .s.o.c.w.OAuth2LoginAuthenticationFilter : Did not match request to PathPattern [/login/oauth2/code/*]
2025-12-02T14:14:52.854+01:00 DEBUG 21568 --- [mapa] [http-nio-8080-exec-5] [                                                 ] o.s.s.w.a.AnonymousAuthenticationFilter  : Set SecurityContextHolder to anonymous SecurityContext
2025-12-02T14:14:52.855+01:00 DEBUG 21568 --- [mapa] [http-nio-8080-exec-5] [                                                 ] o.s.s.web.DefaultRedirectStrategy        : Redirecting to http://localhost:8080/login
2025-12-02T14:14:52.861+01:00 DEBUG 21568 --- [mapa] [http-nio-8080-exec-6] [                                                 ] o.s.security.web.FilterChainProxy        : Securing GET /login
2025-12-02T14:14:52.862+01:00 TRACE 21568 --- [mapa] [http-nio-8080-exec-6] [                                                 ] .s.o.c.w.OAuth2LoginAuthenticationFilter : Did not match request to PathPattern [/login/oauth2/code/*]
2025-12-02T14:14:52.864+01:00 DEBUG 21568 --- [mapa] [http-nio-8080-exec-6] [                                                 ] o.s.security.web.FilterChainProxy        : Secured GET /login
2025-12-02T14:14:52.865+01:00 DEBUG 21568 --- [mapa] [http-nio-8080-exec-6] [                                                 ] o.s.web.servlet.DispatcherServlet        : GET "/login", parameters={}
2025-12-02T14:14:52.865+01:00 DEBUG 21568 --- [mapa] [http-nio-8080-exec-6] [                                                 ] s.w.s.m.m.a.RequestMappingHandlerMapping : Mapped to com.calabozo.mapa.controller.MainController#login()
2025-12-02T14:14:52.865+01:00  INFO 21568 --- [mapa] [http-nio-8080-exec-6] [                                                 ] c.c.mapa.controller.MainController       : Intentando logearnos
2025-12-02T14:14:52.868+01:00 DEBUG 21568 --- [mapa] [http-nio-8080-exec-6] [                                                 ] o.s.w.s.v.ContentNegotiatingViewResolver : Selected '*/*' given [image/avif, image/webp, image/apng, image/svg+xml, image/*, */*;q=0.8]
2025-12-02T14:14:52.870+01:00 DEBUG 21568 --- [mapa] [http-nio-8080-exec-6] [                                                 ] o.s.web.servlet.DispatcherServlet        : Completed 200 OK
2025-12-02T14:14:52.871+01:00 DEBUG 21568 --- [mapa] [http-nio-8080-exec-6] [                                                 ] o.s.s.w.a.AnonymousAuthenticationFilter  : Set SecurityContextHolder to anonymous SecurityContext
